  stdafx.cpp
  WizardSummon.cpp
  WizardFire.cpp
  WizardBallSummon.cpp
  WizardBall.cpp
  Wizard.cpp
  WarriorSummon.cpp
  TimeMgr.cpp
  TextureMgr.cpp
  Texture.cpp
  Terrain.cpp
d:\git\ddd\wizardoflegend\0203 final위오레\client\terrain.cpp(124): warning C4244: '초기화 중': 'float'에서 'int'(으)로 변환하면서 데이터가 손실될 수 있습니다.
d:\git\ddd\wizardoflegend\0203 final위오레\client\terrain.cpp(125): warning C4244: '초기화 중': 'float'에서 'int'(으)로 변환하면서 데이터가 손실될 수 있습니다.
d:\git\ddd\wizardoflegend\0203 final위오레\client\terrain.cpp(207): warning C4244: '초기화 중': 'float'에서 'int'(으)로 변환하면서 데이터가 손실될 수 있습니다.
d:\git\ddd\wizardoflegend\0203 final위오레\client\terrain.cpp(208): warning C4244: '초기화 중': 'float'에서 'int'(으)로 변환하면서 데이터가 손실될 수 있습니다.
  Teleport.cpp
d:\git\ddd\wizardoflegend\0203 final위오레\client\teleport.cpp(33): warning C4244: '인수': 'double'에서 'FLOAT'(으)로 변환하면서 데이터가 손실될 수 있습니다.
  SwordManEffect.cpp
  SwordMan.cpp
  SummonAni.cpp
  Stage2.cpp
  Stage.cpp
  SoundMgr.cpp
  SkillBar.cpp
d:\git\ddd\wizardoflegend\0203 final위오레\client\skillbar.cpp(31): warning C4244: '인수': 'double'에서 'FLOAT'(으)로 변환하면서 데이터가 손실될 수 있습니다.
  SingleTexture.cpp
  ShopTable.cpp
d:\git\ddd\wizardoflegend\0203 final위오레\client\shoptable.cpp(61): warning C4244: '인수': 'double'에서 'FLOAT'(으)로 변환하면서 데이터가 손실될 수 있습니다.
  코드를 생성하고 있습니다...
  컴파일하고 있습니다...
  ScrollMgr.cpp
  SceneMgr.cpp
  Scene.cpp
  PrisonVer.cpp
d:\git\ddd\wizardoflegend\0203 final위오레\client\prisonver.cpp(60): warning C4244: '인수': 'double'에서 'FLOAT'(으)로 변환하면서 데이터가 손실될 수 있습니다.
  PrisonHor.cpp
d:\git\ddd\wizardoflegend\0203 final위오레\client\prisonhor.cpp(60): warning C4244: '인수': 'double'에서 'FLOAT'(으)로 변환하면서 데이터가 손실될 수 있습니다.
  Potion.cpp
d:\git\ddd\wizardoflegend\0203 final위오레\client\potion.cpp(68): warning C4244: '인수': 'double'에서 'FLOAT'(으)로 변환하면서 데이터가 손실될 수 있습니다.
  PlayerSummon.cpp
  PlayerMp.cpp
d:\git\ddd\wizardoflegend\0203 final위오레\client\playermp.cpp(25): warning C4305: '=': 'double'에서 'float'(으)로 잘립니다.
d:\git\ddd\wizardoflegend\0203 final위오레\client\playermp.cpp(38): warning C4244: '인수': 'double'에서 'FLOAT'(으)로 변환하면서 데이터가 손실될 수 있습니다.
  PlayerHp.cpp
d:\git\ddd\wizardoflegend\0203 final위오레\client\playerhp.cpp(25): warning C4305: '-=': 'double'에서 'float'(으)로 잘립니다.
d:\git\ddd\wizardoflegend\0203 final위오레\client\playerhp.cpp(42): warning C4244: '인수': 'double'에서 'FLOAT'(으)로 변환하면서 데이터가 손실될 수 있습니다.
  PlayerBar.cpp
d:\git\ddd\wizardoflegend\0203 final위오레\client\playerbar.cpp(31): warning C4244: '인수': 'double'에서 'FLOAT'(으)로 변환하면서 데이터가 손실될 수 있습니다.
  PlayerAtt.cpp
  Player.cpp
d:\git\ddd\wizardoflegend\0203 final위오레\client\player.cpp(520): warning C4305: '=': 'double'에서 'float'(으)로 잘립니다.
  ObjectMgr.cpp
  Npc.cpp
d:\git\ddd\wizardoflegend\0203 final위오레\client\npc.cpp(60): warning C4244: '인수': 'double'에서 'FLOAT'(으)로 변환하면서 데이터가 손실될 수 있습니다.
  NormalEffect.cpp
d:\git\ddd\wizardoflegend\0203 final위오레\client\normaleffect.cpp(21): warning C4305: '+=': 'double'에서 'float'(으)로 잘립니다.
  NoAnimateIMP.cpp
  MultiTexture.cpp
  Mouse.cpp
  Money.cpp
  MathMgr.cpp
  코드를 생성하고 있습니다...
  컴파일하고 있습니다...
  MainGame.cpp
  Logo.cpp
  KrystalSkillbar.cpp
d:\git\ddd\wizardoflegend\0203 final위오레\client\krystalskillbar.cpp(31): warning C4244: '인수': 'double'에서 'FLOAT'(으)로 변환하면서 데이터가 손실될 수 있습니다.
  KrystalCard.cpp
d:\git\ddd\wizardoflegend\0203 final위오레\client\krystalcard.cpp(68): warning C4244: '인수': 'double'에서 'FLOAT'(으)로 변환하면서 데이터가 손실될 수 있습니다.
  KeyMgr.cpp
  IceBlast.cpp
  HitEffect.cpp
d:\git\ddd\wizardoflegend\0203 final위오레\client\hiteffect.cpp(38): warning C4244: '인수': 'double'에서 'FLOAT'(으)로 변환하면서 데이터가 손실될 수 있습니다.
  GameObject.cpp
  GaiaSkillbar.cpp
d:\git\ddd\wizardoflegend\0203 final위오레\client\gaiaskillbar.cpp(31): warning C4244: '인수': 'double'에서 'FLOAT'(으)로 변환하면서 데이터가 손실될 수 있습니다.
  GaiaEffect.cpp
  GaiaCard.cpp
d:\git\ddd\wizardoflegend\0203 final위오레\client\gaiacard.cpp(72): warning C4244: '인수': 'double'에서 'FLOAT'(으)로 변환하면서 데이터가 손실될 수 있습니다.
  FrameMgr.cpp
  FireSkillbar.cpp
d:\git\ddd\wizardoflegend\0203 final위오레\client\fireskillbar.cpp(32): warning C4244: '인수': 'double'에서 'FLOAT'(으)로 변환하면서 데이터가 손실될 수 있습니다.
  FireCard.cpp
d:\git\ddd\wizardoflegend\0203 final위오레\client\firecard.cpp(70): warning C4244: '인수': 'double'에서 'FLOAT'(으)로 변환하면서 데이터가 손실될 수 있습니다.
  FireBall.cpp
  EffectIMP.cpp
  Effect.cpp
  DeviceMgr.cpp
  CoolBar.cpp
d:\git\ddd\wizardoflegend\0203 final위오레\client\coolbar.cpp(19): warning C4305: '-=': 'double'에서 'float'(으)로 잘립니다.
  CollisionMgr.cpp
  코드를 생성하고 있습니다...
  컴파일하고 있습니다...
  Client.cpp
  BuffEffect.cpp
d:\git\ddd\wizardoflegend\0203 final위오레\client\buffeffect.cpp(65): warning C4305: '+=': 'double'에서 'float'(으)로 잘립니다.
d:\git\ddd\wizardoflegend\0203 final위오레\client\buffeffect.cpp(70): warning C4305: '-=': 'double'에서 'float'(으)로 잘립니다.
  BoxAttack.cpp
d:\git\ddd\wizardoflegend\0203 final위오레\client\boxattack.cpp(72): warning C4244: '인수': 'double'에서 'FLOAT'(으)로 변환하면서 데이터가 손실될 수 있습니다.
  BossSkill2.cpp
d:\git\ddd\wizardoflegend\0203 final위오레\client\bossskill2.cpp(69): warning C4244: '인수': 'double'에서 'FLOAT'(으)로 변환하면서 데이터가 손실될 수 있습니다.
  BossSkill.cpp
d:\git\ddd\wizardoflegend\0203 final위오레\client\bossskill.cpp(72): warning C4244: '인수': 'double'에서 'FLOAT'(으)로 변환하면서 데이터가 손실될 수 있습니다.
  BossShadow.cpp
d:\git\ddd\wizardoflegend\0203 final위오레\client\bossshadow.cpp(77): warning C4244: '인수': 'double'에서 'FLOAT'(으)로 변환하면서 데이터가 손실될 수 있습니다.
  BossName.cpp
d:\git\ddd\wizardoflegend\0203 final위오레\client\bossname.cpp(31): warning C4244: '인수': 'double'에서 'FLOAT'(으)로 변환하면서 데이터가 손실될 수 있습니다.
  BossHp.cpp
d:\git\ddd\wizardoflegend\0203 final위오레\client\bosshp.cpp(26): warning C4305: '-=': 'double'에서 'float'(으)로 잘립니다.
d:\git\ddd\wizardoflegend\0203 final위오레\client\bosshp.cpp(44): warning C4244: '인수': 'double'에서 'FLOAT'(으)로 변환하면서 데이터가 손실될 수 있습니다.
  Boss.cpp
d:\git\ddd\wizardoflegend\0203 final위오레\client\boss.cpp(139): warning C4305: '인수': 'double'에서 'float'(으)로 잘립니다.
d:\git\ddd\wizardoflegend\0203 final위오레\client\boss.cpp(173): warning C4305: '인수': 'double'에서 'float'(으)로 잘립니다.
d:\git\ddd\wizardoflegend\0203 final위오레\client\boss.cpp(176): warning C4305: '인수': 'double'에서 'float'(으)로 잘립니다.
d:\git\ddd\wizardoflegend\0203 final위오레\client\boss.cpp(179): warning C4305: '인수': 'double'에서 'float'(으)로 잘립니다.
d:\git\ddd\wizardoflegend\0203 final위오레\client\boss.cpp(182): warning C4305: '인수': 'double'에서 'float'(으)로 잘립니다.
d:\git\ddd\wizardoflegend\0203 final위오레\client\boss.cpp(185): warning C4305: '인수': 'double'에서 'float'(으)로 잘립니다.
d:\git\ddd\wizardoflegend\0203 final위오레\client\boss.cpp(188): warning C4305: '인수': 'double'에서 'float'(으)로 잘립니다.
d:\git\ddd\wizardoflegend\0203 final위오레\client\boss.cpp(191): warning C4305: '인수': 'double'에서 'float'(으)로 잘립니다.
d:\git\ddd\wizardoflegend\0203 final위오레\client\boss.cpp(194): warning C4305: '인수': 'double'에서 'float'(으)로 잘립니다.
d:\git\ddd\wizardoflegend\0203 final위오레\client\boss.cpp(198): warning C4305: '인수': 'double'에서 'float'(으)로 잘립니다.
d:\git\ddd\wizardoflegend\0203 final위오레\client\boss.cpp(201): warning C4305: '인수': 'double'에서 'float'(으)로 잘립니다.
d:\git\ddd\wizardoflegend\0203 final위오레\client\boss.cpp(204): warning C4305: '인수': 'double'에서 'float'(으)로 잘립니다.
d:\git\ddd\wizardoflegend\0203 final위오레\client\boss.cpp(207): warning C4305: '인수': 'double'에서 'float'(으)로 잘립니다.
d:\git\ddd\wizardoflegend\0203 final위오레\client\boss.cpp(210): warning C4305: '인수': 'double'에서 'float'(으)로 잘립니다.
d:\git\ddd\wizardoflegend\0203 final위오레\client\boss.cpp(213): warning C4305: '인수': 'double'에서 'float'(으)로 잘립니다.
d:\git\ddd\wizardoflegend\0203 final위오레\client\boss.cpp(216): warning C4305: '인수': 'double'에서 'float'(으)로 잘립니다.
d:\git\ddd\wizardoflegend\0203 final위오레\client\boss.cpp(219): warning C4305: '인수': 'double'에서 'float'(으)로 잘립니다.
d:\git\ddd\wizardoflegend\0203 final위오레\client\boss.cpp(286): warning C4244: '인수': 'double'에서 'FLOAT'(으)로 변환하면서 데이터가 손실될 수 있습니다.
  BlastSkillbar.cpp
d:\git\ddd\wizardoflegend\0203 final위오레\client\blastskillbar.cpp(31): warning C4244: '인수': 'double'에서 'FLOAT'(으)로 변환하면서 데이터가 손실될 수 있습니다.
  BlastCard.cpp
d:\git\ddd\wizardoflegend\0203 final위오레\client\blastcard.cpp(67): warning C4244: '인수': 'double'에서 'FLOAT'(으)로 변환하면서 데이터가 손실될 수 있습니다.
  AstarMgr.cpp
  ArcherSummon.cpp
  ArcherBow.cpp
d:\git\ddd\wizardoflegend\0203 final위오레\client\archerbow.cpp(100): warning C4244: '인수': 'double'에서 'FLOAT'(으)로 변환하면서 데이터가 손실될 수 있습니다.
  Archer.cpp
  AnimateIMP.cpp
  코드를 생성하고 있습니다...
  Client.vcxproj -> D:\Git\ddd\wizardoflegend\0203 final위오레\Debug\Client.exe
  Client.vcxproj -> D:\Git\ddd\wizardoflegend\0203 final위오레\Debug\Client.pdb (Full PDB)
